<?xml version="1.0" encoding="UTF-8"?>
<!-- Generated by org.testng.reporters.JUnitReportReporter -->
<testsuite hostname="ISBLT-6892" failures="0" tests="19" name="Testcases.Testcasesarabic" time="122.304" errors="0" timestamp="2021-06-04T15:37:01 PKT" skipped="0">
  <testcase classname="Testcases.Testcasesarabic" name="T12_arabic_clickaddtobagbtn" time="5.204"/>
  <system-out/>
  <testcase classname="Testcases.Testcasesarabic" name="T08_arabic_clickingAnItempant" time="1.008"/>
  <system-out/>
  <testcase classname="Testcases.Testcasesarabic" name="T15_arabic_clickbagbuttontoviewcart" time="12.141"/>
  <system-out/>
  <testcase classname="Testcases.Testcasesarabic" name="T00_arabic_xclickPopUp_noThanksButton" time="10.307"/>
  <system-out/>
  <testcase classname="Testcases.Testcasesarabic" name="T04_arabic_clickeditbutton" time="9.713"/>
  <system-out/>
  <testcase classname="Testcases.Testcasesarabic" name="T13_arabic_clickbagbuttontoviewcart" time="5.978"/>
  <system-out/>
  <testcase classname="Testcases.Testcasesarabic" name="T05_arabic_emaildisableverification" time="4.061"/>
  <system-out/>
  <testcase classname="Testcases.Testcasesarabic" name="T07_arabic_hoverClothingNavigationOption" time="13.111"/>
  <system-out/>
  <testcase classname="Testcases.Testcasesarabic" name="T11_arabic_selectsize" time="4.688"/>
  <system-out/>
  <testcase classname="Testcases.Testcasesarabic" name="T14_arabic_verifyitemname" time="0.130"/>
  <system-out/>
  <testcase classname="Testcases.Testcasesarabic" name="T17_arabic_clickcontinuebtn" time="5.305"/>
  <system-out/>
  <testcase classname="Testcases.Testcasesarabic" name="T16_arabic_fillform" time="9.444"/>
  <system-out/>
  <testcase classname="Testcases.Testcasesarabic" name="T00_arabic_switcharabiclang" time="0.275"/>
  <system-out/>
  <testcase classname="Testcases.Testcasesarabic" name="T03_arabic_openeditpage" time="20.703"/>
  <system-out/>
  <testcase classname="Testcases.Testcasesarabic" name="T00_arabic_clickPopUp_noThanksButton" time="5.312"/>
  <system-out/>
  <testcase classname="Testcases.Testcasesarabic" name="T02_arabic_fillregistrationform" time="2.620"/>
  <system-out/>
  <testcase classname="Testcases.Testcasesarabic" name="T09_arabic_gettingitem1name" time="2.107"/>
  <system-out/>
  <testcase classname="Testcases.Testcasesarabic" name="T06_arabic_emailVerification" time="2.113"/>
  <system-out/>
  <testcase classname="Testcases.Testcasesarabic" name="T01_arabic_clickAccountButton" time="8.084"/>
  <system-out/>
</testsuite> <!-- Testcases.Testcasesarabic -->
