<?xml version="1.0" encoding="UTF-8"?>
<!-- Generated by org.testng.reporters.JUnitReportReporter -->
<testsuite hostname="ISBLT-6892" failures="0" tests="18" name="Testcases.Testcases" time="113.404" errors="0" timestamp="2021-06-04T15:37:01 PKT" skipped="0">
  <testcase classname="Testcases.Testcases" name="T12_clickaddtobagbtn" time="5.393"/>
  <system-out/>
  <testcase classname="Testcases.Testcases" name="T16_fillform" time="8.936"/>
  <system-out/>
  <testcase classname="Testcases.Testcases" name="T11_selectsize" time="4.517"/>
  <system-out/>
  <testcase classname="Testcases.Testcases" name="T09_gettingitem1name" time="2.078"/>
  <system-out/>
  <testcase classname="Testcases.Testcases" name="T07_hoverClothingNavigationOption" time="13.209"/>
  <system-out/>
  <testcase classname="Testcases.Testcases" name="T00_clickPopUp_noThanksButton" time="5.332"/>
  <system-out/>
  <testcase classname="Testcases.Testcases" name="T15_clickbagbuttontoviewcart" time="13.929"/>
  <system-out/>
  <testcase classname="Testcases.Testcases" name="T17_clickcontinuebtn" time="5.265"/>
  <system-out/>
  <testcase classname="Testcases.Testcases" name="T03_goingToAccountsPage" time="19.567"/>
  <system-out/>
  <testcase classname="Testcases.Testcases" name="T05_emaildisableverification" time="2.076"/>
  <system-out/>
  <testcase classname="Testcases.Testcases" name="T13_clickbagbuttontoviewcart" time="8.496"/>
  <system-out/>
  <testcase classname="Testcases.Testcases" name="T01_clickAccountButton" time="11.275"/>
  <system-out/>
  <testcase classname="Testcases.Testcases" name="T02_fillregistrationform" time="2.359"/>
  <system-out/>
  <testcase classname="Testcases.Testcases" name="T06_emailVerification" time="2.042"/>
  <system-out/>
  <testcase classname="Testcases.Testcases" name="T08_clickingAnItempant" time="0.632"/>
  <system-out/>
  <testcase classname="Testcases.Testcases" name="T10_selectcolor" time="0.249"/>
  <system-out/>
  <testcase classname="Testcases.Testcases" name="T14_verifyitemname" time="0.196"/>
  <system-out/>
  <testcase classname="Testcases.Testcases" name="T04_clickeditbutton" time="7.853"/>
  <system-out/>
</testsuite> <!-- Testcases.Testcases -->
